<?xml version="1.0" encoding="UTF-8"?>
<!-- Generated by org.testng.reporters.JUnitReportReporter -->
<testsuite skipped="0" hostname="DESKTOP-OU7DV3H" name="Tests.NewTest" tests="1" failures="0" timestamp="2020-05-24T01:25:03 BOT" time="5.022" errors="0">
  <testcase name="verifyUserNotCityesEquals" time="5.022" classname="Tests.NewTest"/>
  <system-out/>
</testsuite> <!-- Tests.NewTest -->
