<?xml version="1.0" encoding="UTF-8"?>
<!-- Generated by org.testng.reporters.JUnitReportReporter -->
<testsuite skipped="0" hostname="DESKTOP-OU7DV3H" name="Tests.VerifyUserNotDayWhithingMoth" tests="1" failures="0" timestamp="2020-05-24T01:31:15 BOT" time="4.727" errors="0">
  <testcase name="verifyUserNotDayWhithingMoth" time="4.727" classname="Tests.VerifyUserNotDayWhithingMoth"/>
  <system-out/>
</testsuite> <!-- Tests.VerifyUserNotDayWhithingMoth -->
